10-Jun-2019 16:52:05 error: Error getting user from Salesforce by email
10-Jun-2019 16:52:05 error: Email t.nagle@procurementleaders.com
10-Jun-2019 16:52:59 error: Error getting user from Salesforce by email
10-Jun-2019 16:52:59 error: Email t.nagle@procurementleaders.com
10-Jun-2019 16:55:57 error: Error connecting to Salesforce
10-Jun-2019 16:55:57 error: undefined
10-Jun-2019 16:56:10 error: Error connecting to Salesforce
10-Jun-2019 16:56:10 error: {}
10-Jun-2019 16:56:54 info: Successfully connected to Salesforce
10-Jun-2019 16:56:54 info: -------------------------------------------------------------------------
10-Jun-2019 16:57:12 error: Error getting user from Salesforce by email
10-Jun-2019 16:57:12 error: Email t.nagle@procurementleaders.com
10-Jun-2019 16:57:13 info: Successfully connected to Salesforce
10-Jun-2019 16:57:13 info: -------------------------------------------------------------------------
10-Jun-2019 16:57:38 info: Successfully connected to Salesforce
10-Jun-2019 16:57:38 info: -------------------------------------------------------------------------
10-Jun-2019 16:57:59 info: Successfully connected to Salesforce
10-Jun-2019 16:57:59 info: -------------------------------------------------------------------------
10-Jun-2019 16:58:41 info: Successfully connected to Salesforce
10-Jun-2019 16:58:41 info: -------------------------------------------------------------------------
10-Jun-2019 16:59:07 info: Successfully connected to Salesforce
10-Jun-2019 16:59:07 info: -------------------------------------------------------------------------
10-Jun-2019 17:00:02 info: Successfully connected to Salesforce
10-Jun-2019 17:00:02 info: -------------------------------------------------------------------------
11-Jun-2019 13:35:10 info: Successfully connected to Salesforce
11-Jun-2019 13:35:10 info: -------------------------------------------------------------------------
11-Jun-2019 13:35:23 info: Successfully connected to Salesforce
11-Jun-2019 13:35:23 info: -------------------------------------------------------------------------
11-Jun-2019 13:45:13 info: Successfully connected to Salesforce
11-Jun-2019 13:45:13 info: -------------------------------------------------------------------------
11-Jun-2019 13:55:10 info: Successfully connected to Salesforce
11-Jun-2019 13:55:10 info: -------------------------------------------------------------------------
11-Jun-2019 13:55:29 info: Successfully connected to Salesforce
11-Jun-2019 13:55:29 info: -------------------------------------------------------------------------
11-Jun-2019 13:55:40 info: Successfully connected to Salesforce
11-Jun-2019 13:55:40 info: -------------------------------------------------------------------------
11-Jun-2019 13:56:14 info: Successfully connected to Salesforce
11-Jun-2019 13:56:14 info: -------------------------------------------------------------------------
11-Jun-2019 13:56:32 info: Successfully connected to Salesforce
11-Jun-2019 13:56:32 info: -------------------------------------------------------------------------
11-Jun-2019 13:57:10 info: Successfully connected to Salesforce
11-Jun-2019 13:57:10 info: -------------------------------------------------------------------------
